[debug] [2024-12-01T13:28:52.921Z] ----------------------------------------------------------------------
[debug] [2024-12-01T13:28:52.926Z] Command:       C:\Program Files\nodejs\node.exe C:\Users\mohan\AppData\Roaming\npm\node_modules\firebase-tools\lib\bin\firebase.js init
[debug] [2024-12-01T13:28:52.927Z] CLI Version:   13.27.0
[debug] [2024-12-01T13:28:52.927Z] Platform:      win32
[debug] [2024-12-01T13:28:52.928Z] Node Version:  v20.11.1
[debug] [2024-12-01T13:28:52.928Z] Time:          Sun Dec 01 2024 18:58:52 GMT+0530 (India Standard Time)
[debug] [2024-12-01T13:28:52.928Z] ----------------------------------------------------------------------
[debug] 
[debug] [2024-12-01T13:28:52.941Z] > command requires scopes: ["email","openid","https://www.googleapis.com/auth/cloudplatformprojects.readonly","https://www.googleapis.com/auth/firebase","https://www.googleapis.com/auth/cloud-platform"]
[debug] [2024-12-01T13:28:52.941Z] > authorizing via signed-in user (mohanamala07@gmail.com)
[info] 
     ######## #### ########  ######## ########     ###     ######  ########
     ##        ##  ##     ## ##       ##     ##  ##   ##  ##       ##
     ######    ##  ########  ######   ########  #########  ######  ######
     ##        ##  ##    ##  ##       ##     ## ##     ##       ## ##
     ##       #### ##     ## ######## ########  ##     ##  ######  ########

You're about to initialize a Firebase project in this directory:

  C:\Users\mohan\html-css-js-portfolio-tutorial-2

[info] 
=== Project Setup
[info] 
[info] First, let's associate this project directory with a Firebase project.
[info] You can create multiple project aliases by running firebase use --add, 
[info] but for now we'll just set up a default project.
[info] 
[debug] [2024-12-01T13:29:53.229Z] Checked if tokens are valid: true, expires at: 1733063294157
[debug] [2024-12-01T13:29:53.230Z] Checked if tokens are valid: true, expires at: 1733063294157
[debug] [2024-12-01T13:29:53.233Z] >>> [apiv2][query] GET https://firebase.googleapis.com/v1beta1/projects pageSize=100
[debug] [2024-12-01T13:29:54.469Z] <<< [apiv2][status] GET https://firebase.googleapis.com/v1beta1/projects 200
[debug] [2024-12-01T13:29:54.469Z] <<< [apiv2][body] GET https://firebase.googleapis.com/v1beta1/projects [omitted]
[info] i  Using project portfolio-a67e1 (portfolio) 
[info] 
=== Hosting Setup
[debug] [2024-12-01T13:30:16.042Z] Checked if tokens are valid: true, expires at: 1733063294157
[debug] [2024-12-01T13:30:16.042Z] Checked if tokens are valid: true, expires at: 1733063294157
[debug] [2024-12-01T13:30:16.043Z] >>> [apiv2][query] GET https://firebase.googleapis.com/v1beta1/projects/portfolio-a67e1 [none]
[debug] [2024-12-01T13:30:16.634Z] <<< [apiv2][status] GET https://firebase.googleapis.com/v1beta1/projects/portfolio-a67e1 200
[debug] [2024-12-01T13:30:16.634Z] <<< [apiv2][body] GET https://firebase.googleapis.com/v1beta1/projects/portfolio-a67e1 {"projectId":"portfolio-a67e1","projectNumber":"386997700207","displayName":"portfolio","name":"projects/portfolio-a67e1","resources":{"hostingSite":"portfolio-a67e1"},"state":"ACTIVE","etag":"1_f6c80141-9ec2-463c-ad0c-2bef4ced68cc"}
[info] 
[info] Your public directory is the folder (relative to your project directory) that
[info] will contain Hosting assets to be uploaded with firebase deploy. If you
[info] have a build process for your assets, use your build's output directory.
[info] 
[debug] [2024-12-01T13:31:29.158Z] >>> [apiv2][query] GET https://www.gstatic.com/firebasejs/releases.json [none]
[debug] [2024-12-01T13:31:29.668Z] <<< [apiv2][status] GET https://www.gstatic.com/firebasejs/releases.json 200
